  Text.cpp
  Record.cpp
e:\учеба\кпияп\курсовая\личный бухгалтер\личный бухгалтер\record.cpp(15): warning C4018: <: несоответствие типов со знаком и без знака
e:\учеба\кпияп\курсовая\личный бухгалтер\личный бухгалтер\record.cpp(26): warning C4018: <: несоответствие типов со знаком и без знака
e:\учеба\кпияп\курсовая\личный бухгалтер\личный бухгалтер\record.cpp(47): warning C4018: <: несоответствие типов со знаком и без знака
e:\учеба\кпияп\курсовая\личный бухгалтер\личный бухгалтер\record.cpp(55): warning C4018: <: несоответствие типов со знаком и без знака
e:\учеба\кпияп\курсовая\личный бухгалтер\личный бухгалтер\record.cpp(63): warning C4018: <: несоответствие типов со знаком и без знака
e:\учеба\кпияп\курсовая\личный бухгалтер\личный бухгалтер\record.cpp(69): warning C4018: <: несоответствие типов со знаком и без знака
e:\учеба\кпияп\курсовая\личный бухгалтер\личный бухгалтер\record.cpp(75): warning C4018: <: несоответствие типов со знаком и без знака
e:\учеба\кпияп\курсовая\личный бухгалтер\личный бухгалтер\record.cpp(86): warning C4018: <: несоответствие типов со знаком и без знака
e:\учеба\кпияп\курсовая\личный бухгалтер\личный бухгалтер\record.cpp(96): warning C4018: >=: несоответствие типов со знаком и без знака
e:\учеба\кпияп\курсовая\личный бухгалтер\личный бухгалтер\record.cpp(106): warning C4018: >=: несоответствие типов со знаком и без знака
e:\учеба\кпияп\курсовая\личный бухгалтер\личный бухгалтер\record.cpp(116): warning C4018: >=: несоответствие типов со знаком и без знака
e:\учеба\кпияп\курсовая\личный бухгалтер\личный бухгалтер\record.cpp(124): warning C4018: >=: несоответствие типов со знаком и без знака
e:\учеба\кпияп\курсовая\личный бухгалтер\личный бухгалтер\record.cpp(132): warning C4018: >=: несоответствие типов со знаком и без знака
e:\учеба\кпияп\курсовая\личный бухгалтер\личный бухгалтер\record.cpp(140): warning C4018: >=: несоответствие типов со знаком и без знака
  Money.cpp
  MainMenu.cpp
e:\учеба\кпияп\курсовая\личный бухгалтер\личный бухгалтер\mainmenu.cpp(918): warning C4800: int: принудительно задано логическое значение "true" или "false" (предупреждение о производительности)
e:\учеба\кпияп\курсовая\личный бухгалтер\личный бухгалтер\mainmenu.cpp(939): warning C4800: int: принудительно задано логическое значение "true" или "false" (предупреждение о производительности)
  Main.cpp
e:\учеба\кпияп\курсовая\личный бухгалтер\личный бухгалтер\main.cpp(300): warning C4018: <: несоответствие типов со знаком и без знака
e:\учеба\кпияп\курсовая\личный бухгалтер\личный бухгалтер\main.cpp(324): warning C4018: <: несоответствие типов со знаком и без знака
e:\учеба\кпияп\курсовая\личный бухгалтер\личный бухгалтер\main.cpp(346): warning C4018: <: несоответствие типов со знаком и без знака
e:\учеба\кпияп\курсовая\личный бухгалтер\личный бухгалтер\main.cpp(353): warning C4018: <: несоответствие типов со знаком и без знака
e:\учеба\кпияп\курсовая\личный бухгалтер\личный бухгалтер\main.cpp(368): warning C4018: <: несоответствие типов со знаком и без знака
e:\учеба\кпияп\курсовая\личный бухгалтер\личный бухгалтер\main.cpp(384): warning C4018: <: несоответствие типов со знаком и без знака
e:\учеба\кпияп\курсовая\личный бухгалтер\личный бухгалтер\main.cpp(391): warning C4018: <: несоответствие типов со знаком и без знака
e:\учеба\кпияп\курсовая\личный бухгалтер\личный бухгалтер\main.cpp(398): warning C4018: <: несоответствие типов со знаком и без знака
e:\учеба\кпияп\курсовая\личный бухгалтер\личный бухгалтер\main.cpp(404): warning C4018: <: несоответствие типов со знаком и без знака
e:\учеба\кпияп\курсовая\личный бухгалтер\личный бухгалтер\main.cpp(415): warning C4018: <: несоответствие типов со знаком и без знака
e:\учеба\кпияп\курсовая\личный бухгалтер\личный бухгалтер\main.cpp(608): warning C4018: <: несоответствие типов со знаком и без знака
e:\учеба\кпияп\курсовая\личный бухгалтер\личный бухгалтер\main.cpp(635): warning C4018: <: несоответствие типов со знаком и без знака
e:\учеба\кпияп\курсовая\личный бухгалтер\личный бухгалтер\main.cpp(646): warning C4018: <: несоответствие типов со знаком и без знака
e:\учеба\кпияп\курсовая\личный бухгалтер\личный бухгалтер\main.cpp(674): warning C4018: <: несоответствие типов со знаком и без знака
e:\учеба\кпияп\курсовая\личный бухгалтер\личный бухгалтер\main.cpp(685): warning C4018: <: несоответствие типов со знаком и без знака
e:\учеба\кпияп\курсовая\личный бухгалтер\личный бухгалтер\main.cpp(696): warning C4018: <: несоответствие типов со знаком и без знака
e:\учеба\кпияп\курсовая\личный бухгалтер\личный бухгалтер\main.cpp(706): warning C4018: <: несоответствие типов со знаком и без знака
e:\учеба\кпияп\курсовая\личный бухгалтер\личный бухгалтер\main.cpp(728): warning C4018: <: несоответствие типов со знаком и без знака
e:\учеба\кпияп\курсовая\личный бухгалтер\личный бухгалтер\main.cpp(739): warning C4018: <: несоответствие типов со знаком и без знака
e:\учеба\кпияп\курсовая\личный бухгалтер\личный бухгалтер\main.cpp(774): warning C4018: <: несоответствие типов со знаком и без знака
e:\учеба\кпияп\курсовая\личный бухгалтер\личный бухгалтер\main.cpp(800): warning C4018: <: несоответствие типов со знаком и без знака
e:\учеба\кпияп\курсовая\личный бухгалтер\личный бухгалтер\main.cpp(817): warning C4018: <: несоответствие типов со знаком и без знака
e:\учеба\кпияп\курсовая\личный бухгалтер\личный бухгалтер\main.cpp(823): warning C4018: <: несоответствие типов со знаком и без знака
e:\учеба\кпияп\курсовая\личный бухгалтер\личный бухгалтер\main.cpp(829): warning C4018: <: несоответствие типов со знаком и без знака
  Debts.cpp
  Date.cpp
  Cost_or_Income.cpp
  base.cpp
e:\учеба\кпияп\курсовая\личный бухгалтер\личный бухгалтер\menu.h(105): warning C4018: <: несоответствие типов со знаком и без знака
  e:\учеба\кпияп\курсовая\личный бухгалтер\личный бухгалтер\menu.h(99): note: при компиляции функции-члена "<Нет данных>" класса <Нет данных>
  e:\учеба\кпияп\курсовая\личный бухгалтер\личный бухгалтер\menu.h(141): note: см. ссылку на создание экземпляров функции шаблон при компиляции "short Menu<MainMenu>::show_menu(void)"
  e:\учеба\кпияп\курсовая\личный бухгалтер\личный бухгалтер\base.cpp(10): note: см. ссылку на создание экземпляров класса шаблон при компиляции "Menu<MainMenu>"
e:\учеба\кпияп\курсовая\личный бухгалтер\личный бухгалтер\menu.h(120): warning C4267: return: преобразование из "size_t" в "short"; возможна потеря данных
e:\учеба\кпияп\курсовая\личный бухгалтер\личный бухгалтер\menu.h(127): warning C4267: =: преобразование из "size_t" в "short"; возможна потеря данных
  Создание кода...
e:\учеба\кпияп\курсовая\личный бухгалтер\личный бухгалтер\cost_or_income.cpp(63): warning C4715: Cost_or_Income::operator==: значение возвращается не при всех путях выполнения
e:\учеба\кпияп\курсовая\личный бухгалтер\личный бухгалтер\main.cpp(36): warning C4715: Main::get_debt: значение возвращается не при всех путях выполнения
e:\учеба\кпияп\курсовая\личный бухгалтер\личный бухгалтер\main.cpp(46): warning C4715: Main::get_debtor: значение возвращается не при всех путях выполнения
e:\учеба\кпияп\курсовая\личный бухгалтер\личный бухгалтер\main.cpp(260): warning C4715: Main::get_cost: значение возвращается не при всех путях выполнения
e:\учеба\кпияп\курсовая\личный бухгалтер\личный бухгалтер\main.cpp(266): warning C4715: Main::get_income: значение возвращается не при всех путях выполнения
e:\учеба\кпияп\курсовая\личный бухгалтер\личный бухгалтер\record.cpp(65): warning C4715: Record::get_reference_cost: значение возвращается не при всех путях выполнения
e:\учеба\кпияп\курсовая\личный бухгалтер\личный бухгалтер\record.cpp(71): warning C4715: Record::get_reference_income: значение возвращается не при всех путях выполнения
  Личный бухгалтер.vcxproj -> E:\Учеба\КПиЯП\курсовая\Личный бухгалтер\Debug\Личный бухгалтер.exe
  Личный бухгалтер.vcxproj -> E:\Учеба\КПиЯП\курсовая\Личный бухгалтер\Debug\Личный бухгалтер.pdb (Full PDB)
